1620246074086	geckodriver	INFO	Listening on 127.0.0.1:50837
1620246077104	mozrunner::runner	INFO	Running command: "C:\\Program Files\\Mozilla Firefox\\firefox.exe" "--marionette" "-foreground" "-no-remote" "-profile" "C:\\Users\\fasul\\AppData\\Local\\Temp\\rust_mozprofileYI7bXc"
1620246077482	Marionette	INFO	Marionette enabled
console.warn: SearchSettings: "get: No settings file exists, new profile?" (new Error("", "(unknown module)"))
1620246080116	Marionette	INFO	Listening on port 50845
1620246080279	Marionette	WARN	TLS certificate errors will be ignored for this session
1620246097031	Marionette	INFO	Stopped listening on port 50845

###!!! [Child][RunMessage] Error: Channel closing: too late to send/recv, messages will be lost

1620246142588	geckodriver	INFO	Listening on 127.0.0.1:50925
1620246145626	mozrunner::runner	INFO	Running command: "C:\\Program Files\\Mozilla Firefox\\firefox.exe" "--marionette" "-foreground" "-no-remote" "-profile" "C:\\Users\\fasul\\AppData\\Local\\Temp\\rust_mozprofilepqNEj9"
1620246145968	Marionette	INFO	Marionette enabled
console.warn: SearchSettings: "get: No settings file exists, new profile?" (new Error("", "(unknown module)"))
1620246148398	Marionette	INFO	Listening on port 50933
1620246148816	Marionette	WARN	TLS certificate errors will be ignored for this session
1620246160458	Marionette	INFO	Stopped listening on port 50933

###!!! [Child][RunMessage] Error: Channel closing: too late to send/recv, messages will be lost

1620246210248	geckodriver	INFO	Listening on 127.0.0.1:51011
1620246213288	mozrunner::runner	INFO	Running command: "C:\\Program Files\\Mozilla Firefox\\firefox.exe" "--marionette" "-foreground" "-no-remote" "-profile" "C:\\Users\\fasul\\AppData\\Local\\Temp\\rust_mozprofile3X9pOe"
1620246213642	Marionette	INFO	Marionette enabled
console.warn: SearchSettings: "get: No settings file exists, new profile?" (new Error("", "(unknown module)"))
1620246215965	Marionette	INFO	Listening on port 51019
1620246216476	Marionette	WARN	TLS certificate errors will be ignored for this session
1620246245247	Marionette	INFO	Stopped listening on port 51019

###!!! [Child][RunMessage] Error: Channel closing: too late to send/recv, messages will be lost

1620246373856	geckodriver	INFO	Listening on 127.0.0.1:51102
1620246376923	mozrunner::runner	INFO	Running command: "C:\\Program Files\\Mozilla Firefox\\firefox.exe" "--marionette" "-foreground" "-no-remote" "-profile" "C:\\Users\\fasul\\AppData\\Local\\Temp\\rust_mozprofilevPQeFe"
1620246377327	Marionette	INFO	Marionette enabled
console.warn: SearchSettings: "get: No settings file exists, new profile?" (new Error("", "(unknown module)"))
1620246379983	Marionette	INFO	Listening on port 51110
1620246380117	Marionette	WARN	TLS certificate errors will be ignored for this session
1620246441365	Marionette	INFO	Stopped listening on port 51110

###!!! [Child][RunMessage] Error: Channel closing: too late to send/recv, messages will be lost

"--marionette" "-foreground" "-no-remote" "-profile" "C:\\Users\\fasul\\AppData\\Local\\Temp\\rust_mozprofilecpKZ4s"
1620246409477	Marionette	INFO	Marionette enabled
console.warn: SearchSettings: "get: No settings file exists, new profile?" (new Error("", "(unknown module)"))
console.error: Region.jsm: "Error fetching region" (new TypeError("NetworkError when attempting to fetch resource.", ""))
console.error: Region.jsm: "Failed to fetch region" (new Error("NO_RESULT", "resource://gre/modules/Region.jsm", 419))

###!!! [Child][RunMessage] Error: Channel closing: too late to send/recv, messages will be lost

1620246463425	geckodriver	INFO	Listening on 127.0.0.1:51221
1620246466463	mozrunner::runner	INFO	Running command: "C:\\Program Files\\Mozilla Firefox\\firefox.exe" "--marionette" "-foreground" "-no-remote" "-profile" "C:\\Users\\fasul\\AppData\\Local\\Temp\\rust_mozprofileediV8d"
1620246466819	Marionette	INFO	Marionette enabled
console.warn: SearchSettings: "get: No settings file exists, new profile?" (new Error("", "(unknown module)"))
1620246469268	Marionette	INFO	Listening on port 51229
1620246469641	Marionette	WARN	TLS certificate errors will be ignored for this session
1620246535146	Marionette	INFO	Stopped listening on port 51229

###!!! [Child][RunMessage] Error: Channel closing: too late to send/recv, messages will be lost

1620246586861	geckodriver	INFO	Listening on 127.0.0.1:51319
1620246589902	mozrunner::runner	INFO	Running command: "C:\\Program Files\\Mozilla Firefox\\firefox.exe" "--marionette" "-foreground" "-no-remote" "-profile" "C:\\Users\\fasul\\AppData\\Local\\Temp\\rust_mozprofile3VppnJ"
1620246590265	Marionette	INFO	Marionette enabled
console.warn: SearchSettings: "get: No settings file exists, new profile?" (new Error("", "(unknown module)"))
1620246592672	Marionette	INFO	Listening on port 51328
1620246593093	Marionette	WARN	TLS certificate errors will be ignored for this session
1620246939474	geckodriver	INFO	Listening on 127.0.0.1:51461
1620246942522	mozrunner::runner	INFO	Running command: "C:\\Program Files\\Mozilla Firefox\\firefox.exe" "--marionette" "-foreground" "-no-remote" "-profile" "C:\\Users\\fasul\\AppData\\Local\\Temp\\rust_mozprofilevRNlqw"
1620246942889	Marionette	INFO	Marionette enabled
console.warn: SearchSettings: "get: No settings file exists, new profile?" (new Error("", "(unknown module)"))
1620246945429	Marionette	INFO	Listening on port 51469
1620246945701	Marionette	WARN	TLS certificate errors will be ignored for this session
1620246962266	Marionette	INFO	Stopped listening on port 51469

###!!! [Child][RunMessage] Error: Channel closing: too late to send/recv, messages will be lost

1620247004831	geckodriver	INFO	Listening on 127.0.0.1:51539
1620247007898	mozrunner::runner	INFO	Running command: "C:\\Program Files\\Mozilla Firefox\\firefox.exe" "--marionette" "-foreground" "-no-remote" "-profile" "C:\\Users\\fasul\\AppData\\Local\\Temp\\rust_mozprofileRLTTR1"
1620247008237	Marionette	INFO	Marionette enabled
console.warn: SearchSettings: "get: No settings file exists, new profile?" (new Error("", "(unknown module)"))
1620247010535	Marionette	INFO	Listening on port 51547
1620247010580	Marionette	WARN	TLS certificate errors will be ignored for this session
1620247015605	Marionette	WARN	TimedPromise timed out after 5000 ms: stacktrace:
TimedPromise/<@chrome://marionette/content/sync.js:237:19
TimedPromise@chrome://marionette/content/sync.js:222:10
GeckoDriver.prototype.minimizeWindow@chrome://marionette/content/driver.js:2500:11
1620247145437	geckodriver	INFO	Listening on 127.0.0.1:51661
1620247148482	mozrunner::runner	INFO	Running command: "C:\\Program Files\\Mozilla Firefox\\firefox.exe" "--marionette" "--headless" "-foreground" "-no-remote" "-profile" "C:\\Users\\fasul\\AppData\\Local\\Temp\\rust_mozprofileczc8Ol"
*** You are running in headless mode.
1620247148831	Marionette	INFO	Marionette enabled
console.warn: SearchSettings: "get: No settings file exists, new profile?" (new Error("", "(unknown module)"))
1620247150119	Marionette	INFO	Listening on port 51669
1620247150528	Marionette	WARN	TLS certificate errors will be ignored for this session
1620247247631	geckodriver	INFO	Listening on 127.0.0.1:51748
1620247250674	mozrunner::runner	INFO	Running command: "C:\\Program Files\\Mozilla Firefox\\firefox.exe" "--marionette" "-foreground" "-no-remote" "-profile" "C:\\Users\\fasul\\AppData\\Local\\Temp\\rust_mozprofilezoIXJ5"
1620247251035	Marionette	INFO	Marionette enabled
console.warn: SearchSettings: "get: No settings file exists, new profile?" (new Error("", "(unknown module)"))
1620247253503	Marionette	INFO	Listening on port 51756
1620247253844	Marionette	WARN	TLS certificate errors will be ignored for this session
JavaScript error: , line 0: TypeError: NetworkError when attempting to fetch resource.

###!!! [Parent][RunMessage] Error: Channel closing: too late to send/recv, messages will be lost

1620247498610	Marionette	INFO	Stopped listening on port 51756

###!!! [Child][RunMessage] Error: Channel closing: too late to send/recv, messages will be lost

"--marionette" "-foreground" "-no-remote" "-profile" "C:\\Users\\fasul\\AppData\\Local\\Temp\\rust_mozprofilesbOVgW"
1620247484044	Marionette	INFO	Marionette enabled
console.warn: SearchSettings: "get: No settings file exists, new profile?" (new Error("", "(unknown module)"))
1620247486789	Marionette	INFO	Listening on port 51881
1620247486873	Marionette	WARN	TLS certificate errors will be ignored for this session
JavaScript error: , line 0: TypeError: NetworkError when attempting to fetch resource.
1620247499405	Marionette	INFO	Stopped listening on port 51881

###!!! [Child][RunMessage] Error: Channel closing: too late to send/recv, messages will be lost

1620247516587	geckodriver	INFO	Listening on 127.0.0.1:51965
1620247519635	mozrunner::runner	INFO	Running command: "C:\\Program Files\\Mozilla Firefox\\firefox.exe" "--marionette" "-foreground" "-no-remote" "-profile" "C:\\Users\\fasul\\AppData\\Local\\Temp\\rust_mozprofilerDxfh5"
1620247519984	Marionette	INFO	Marionette enabled
console.warn: SearchSettings: "get: No settings file exists, new profile?" (new Error("", "(unknown module)"))
1620247522735	Marionette	INFO	Listening on port 51973
1620247522802	Marionette	WARN	TLS certificate errors will be ignored for this session
JavaScript error: , line 0: TypeError: NetworkError when attempting to fetch resource.
1620247535890	Marionette	INFO	Stopped listening on port 51973

###!!! [Child][RunMessage] Error: Channel closing: too late to send/recv, messages will be lost

1620247544505	geckodriver	INFO	Listening on 127.0.0.1:52045
1620247547576	mozrunner::runner	INFO	Running command: "C:\\Program Files\\Mozilla Firefox\\firefox.exe" "--marionette" "-foreground" "-no-remote" "-profile" "C:\\Users\\fasul\\AppData\\Local\\Temp\\rust_mozprofileQFAbPQ"
1620247547943	Marionette	INFO	Marionette enabled
console.warn: SearchSettings: "get: No settings file exists, new profile?" (new Error("", "(unknown module)"))
1620247550473	Marionette	INFO	Listening on port 52053
1620247550772	Marionette	WARN	TLS certificate errors will be ignored for this session
JavaScript error: , line 0: TypeError: NetworkError when attempting to fetch resource.
1620247763117	Marionette	INFO	Stopped listening on port 52053

###!!! [Child][RunMessage] Error: Channel closing: too late to send/recv, messages will be lost

"--marionette" "-foreground" "-no-remote" "-profile" "C:\\Users\\fasul\\AppData\\Local\\Temp\\rust_mozprofilenNAU6c"
1620247744121	Marionette	INFO	Marionette enabled
console.warn: SearchSettings: "get: No settings file exists, new profile?" (new Error("", "(unknown module)"))
1620247746560	Marionette	INFO	Listening on port 52152
1620247746936	Marionette	WARN	TLS certificate errors will be ignored for this session
JavaScript error: , line 0: TypeError: NetworkError when attempting to fetch resource.
1620247764027	Marionette	INFO	Stopped listening on port 52152

###!!! [Child][RunMessage] Error: Channel closing: too late to send/recv, messages will be lost

1620248226077	geckodriver	INFO	Listening on 127.0.0.1:52318
1620248229117	mozrunner::runner	INFO	Running command: "C:\\Program Files\\Mozilla Firefox\\firefox.exe" "--marionette" "-foreground" "-no-remote" "-profile" "C:\\Users\\fasul\\AppData\\Local\\Temp\\rust_mozprofile3VIgQF"
1620248229485	Marionette	INFO	Marionette enabled
console.warn: SearchSettings: "get: No settings file exists, new profile?" (new Error("", "(unknown module)"))
1620248231949	Marionette	INFO	Listening on port 52326
1620248232288	Marionette	WARN	TLS certificate errors will be ignored for this session
JavaScript error: , line 0: TypeError: NetworkError when attempting to fetch resource.
1620248386791	Marionette	INFO	Stopped listening on port 52326

###!!! [Child][RunMessage] Error: Channel closing: too late to send/recv, messages will be lost

"--marionette" "-foreground" "-no-remote" "-profile" "C:\\Users\\fasul\\AppData\\Local\\Temp\\rust_mozprofile38bfnD"
1620248386639	Marionette	INFO	Marionette enabled
console.warn: SearchSettings: "get: No settings file exists, new profile?" (new Error("", "(unknown module)"))
1620248389108	Marionette	INFO	Listening on port 52422
1620248389424	Marionette	WARN	TLS certificate errors will be ignored for this session
JavaScript error: , line 0: TypeError: NetworkError when attempting to fetch resource.
1620248423492	Marionette	INFO	Stopped listening on port 52422

###!!! [Child][RunMessage] Error: Channel closing: too late to send/recv, messages will be lost

1620248823895	geckodriver	INFO	Listening on 127.0.0.1:52541
1620248826947	mozrunner::runner	INFO	Running command: "C:\\Program Files\\Mozilla Firefox\\firefox.exe" "--marionette" "-foreground" "-no-remote" "-profile" "C:\\Users\\fasul\\AppData\\Local\\Temp\\rust_mozprofileWXJCsa"
1620248827305	Marionette	INFO	Marionette enabled
console.warn: SearchSettings: "get: No settings file exists, new profile?" (new Error("", "(unknown module)"))
1620248829886	Marionette	INFO	Listening on port 52549
1620248830119	Marionette	WARN	TLS certificate errors will be ignored for this session
JavaScript error: , line 0: TypeError: NetworkError when attempting to fetch resource.
1620248924109	Marionette	INFO	Stopped listening on port 52549

###!!! [Child][RunMessage] Error: Channel closing: too late to send/recv, messages will be lost

"--marionette" "-foreground" "-no-remote" "-profile" "C:\\Users\\fasul\\AppData\\Local\\Temp\\rust_mozprofile4q9u9t"
1620248911240	Marionette	INFO	Marionette enabled
console.warn: SearchSettings: "get: No settings file exists, new profile?" (new Error("", "(unknown module)"))
1620248913787	Marionette	INFO	Listening on port 52646
1620248914062	Marionette	WARN	TLS certificate errors will be ignored for this session
JavaScript error: , line 0: TypeError: NetworkError when attempting to fetch resource.
1620248924880	Marionette	INFO	Stopped listening on port 52646

###!!! [Child][RunMessage] Error: Channel closing: too late to send/recv, messages will be lost

1620248967982	geckodriver	INFO	Listening on 127.0.0.1:52722
1620248971033	mozrunner::runner	INFO	Running command: "C:\\Program Files\\Mozilla Firefox\\firefox.exe" "--marionette" "-foreground" "-no-remote" "-profile" "C:\\Users\\fasul\\AppData\\Local\\Temp\\rust_mozprofileqemt0j"
1620248971391	Marionette	INFO	Marionette enabled
console.warn: SearchSettings: "get: No settings file exists, new profile?" (new Error("", "(unknown module)"))
1620248974012	Marionette	INFO	Listening on port 52730
1620248974206	Marionette	WARN	TLS certificate errors will be ignored for this session
JavaScript error: , line 0: TypeError: NetworkError when attempting to fetch resource.
1620249082544	Marionette	INFO	Stopped listening on port 52730

###!!! [Child][RunMessage] Error: Channel closing: too late to send/recv, messages will be lost

1620249084119	geckodriver	INFO	Listening on 127.0.0.1:52809
1620249087178	mozrunner::runner	INFO	Running command: "C:\\Program Files\\Mozilla Firefox\\firefox.exe" "--marionette" "-foreground" "-no-remote" "-profile" "C:\\Users\\fasul\\AppData\\Local\\Temp\\rust_mozprofileeW4Ri5"
1620249087533	Marionette	INFO	Marionette enabled
console.warn: SearchSettings: "get: No settings file exists, new profile?" (new Error("", "(unknown module)"))
1620249090045	Marionette	INFO	Listening on port 52817
1620249090351	Marionette	WARN	TLS certificate errors will be ignored for this session
JavaScript error: , line 0: TypeError: NetworkError when attempting to fetch resource.
1620249115132	Marionette	INFO	Stopped listening on port 52817

###!!! [Child][RunMessage] Error: Channel closing: too late to send/recv, messages will be lost

1620249117110	geckodriver	INFO	Listening on 127.0.0.1:52889
1620249120162	mozrunner::runner	INFO	Running command: "C:\\Program Files\\Mozilla Firefox\\firefox.exe" "--marionette" "-foreground" "-no-remote" "-profile" "C:\\Users\\fasul\\AppData\\Local\\Temp\\rust_mozprofileSFNdFM"
1620249120510	Marionette	INFO	Marionette enabled
console.warn: SearchSettings: "get: No settings file exists, new profile?" (new Error("", "(unknown module)"))
1620249122883	Marionette	INFO	Listening on port 52898
1620249123348	Marionette	WARN	TLS certificate errors will be ignored for this session
JavaScript error: , line 0: TypeError: NetworkError when attempting to fetch resource.
1620249226744	Marionette	INFO	Stopped listening on port 52898

###!!! [Child][RunMessage] Error: Channel closing: too late to send/recv, messages will be lost

1620249228463	geckodriver	INFO	Listening on 127.0.0.1:53004
1620249231518	mozrunner::runner	INFO	Running command: "C:\\Program Files\\Mozilla Firefox\\firefox.exe" "--marionette" "-foreground" "-no-remote" "-profile" "C:\\Users\\fasul\\AppData\\Local\\Temp\\rust_mozprofileQ3HPfs"
1620249231878	Marionette	INFO	Marionette enabled
console.warn: SearchSettings: "get: No settings file exists, new profile?" (new Error("", "(unknown module)"))
1620249234203	Marionette	INFO	Listening on port 53012
1620249234711	Marionette	WARN	TLS certificate errors will be ignored for this session
JavaScript error: , line 0: TypeError: NetworkError when attempting to fetch resource.
1620249256601	Marionette	INFO	Stopped listening on port 53012

###!!! [Child][RunMessage] Error: Channel closing: too late to send/recv, messages will be lost

1620249257990	geckodriver	INFO	Listening on 127.0.0.1:53096
1620249261050	mozrunner::runner	INFO	Running command: "C:\\Program Files\\Mozilla Firefox\\firefox.exe" "--marionette" "-foreground" "-no-remote" "-profile" "C:\\Users\\fasul\\AppData\\Local\\Temp\\rust_mozprofilec04XBq"
1620249261426	Marionette	INFO	Marionette enabled
console.warn: SearchSettings: "get: No settings file exists, new profile?" (new Error("", "(unknown module)"))
1620249263968	Marionette	INFO	Listening on port 53104
1620249264224	Marionette	WARN	TLS certificate errors will be ignored for this session
JavaScript error: , line 0: TypeError: NetworkError when attempting to fetch resource.
1620249301388	Marionette	INFO	Stopped listening on port 53101620249302911	mozrunner::runner	INFO	Running command: "C:\\Program Files\\Mozilla Firefox\\firefox.exe" "--marionette" "-foreground" "-no-remote" "-profile" "C:\\Users\\fasul\\AppData\\Local\\Temp\\rust_mozprofilex5tD4P"
1620249303264	Marionette	INFO	Marionette enabled
console.warn: SearchSettings: "get: No settings file exists, new profile?" (new Error("", "(unknown module)"))
1620249306217	Marionette	INFO	Listening on port 53189
1620249306602	Marionette	WARN	TLS certificate errors will be ignored for this session
JavaScript error: , line 0: TypeError: NetworkError when attempting to fetch resource.
1620249612540	Marionette	INFO	Stopped listening on port 53189

###!!! [Child][RunMessage] Error: Channel closing: too late to send/recv, messages will be lost

1620249699860	geckodriver	INFO	Listening on 127.0.0.1:53288
1620249702910	mozrunner::runner	INFO	Running command: "C:\\Program Files\\Mozilla Firefox\\firefox.exe" "--marionette" "--headless" "-foreground" "-no-remote" "-profile" "C:\\Users\\fasul\\AppData\\Local\\Temp\\rust_mozprofileMcZjIu"
*** You are running in headless mode.
1620249703253	Marionette	INFO	Marionette enabled
console.warn: SearchSettings: "get: No settings file exists, new profile?" (new Error("", "(unknown module)"))
1620249704609	Marionette	INFO	Listening on port 53296
1620249704951	Marionette	WARN	TLS certificate errors will be ignored for this session
JavaScript error: , line 0: TypeError: NetworkError when attempting to fetch resource.
JavaScript error: , line 0: TypeError: NetworkError when attempting to fetch resource.
Exiting due to channel error.
Exiting due to channel error.
Exiting due to channel error.
NFO	Running command: "C:\\Program Files\\Mozilla Firefox\\firefox.exe" "--marionette" "--headless" "-foreground" "-no-remote" "-profile" "C:\\Users\\fasul\\AppData\\Local\\Temp\\rust_mozprofilek2gZQ6"
*** You are running in headless mode.
1620249793415	Marionette	INFO	Marionette enabled
console.warn: SearchSettings: "get: No settings file exists, new profile?" (new Error("", "(unknown module)"))
1620249794581	Marionette	INFO	Listening on port 53390
1620249794626	Marionette	WARN	TLS certificate errors will be ignored for this session
JavaScript error: , line 0: TypeError: NetworkError when attempting to fetch resource.
JavaScript error: , line 0: TypeError: NetworkError when attempting to fetch resource.
Exiting due to channel error.
Exiting due to channel error.
20249863244	mozrunner::runner	INFO	Running command: "C:\\Program Files\\Mozilla Firefox\\firefox.exe" "--marionette" "--headless" "-foreground" "-no-remote" "-profile" "C:\\Users\\fasul\\AppData\\Local\\Temp\\rust_mozprofilep1wXA0"
*** You are running in headless mode.
1620249863584	Marionette	INFO	Marionette enabled
console.warn: SearchSettings: "get: No settings file exists, new profile?" (new Error("", "(unknown module)"))
1620249864702	Marionette	INFO	Listening on port 53474
1620249864780	Marionette	WARN	TLS certificate errors will be ignored for this session
JavaScript error: , line 0: TypeError: NetworkError when attempting to fetch resource.
JavaScript error: , line 0: TypeError: NetworkError when attempting to fetch resource.
Exiting due to channel error.
Exiting due to channel error.
20249956717	mozrunner::runner	INFO	Running command: "C:\\Program Files\\Mozilla Firefox\\firefox.exe" "--marionette" "--headless" "-foreground" "-no-remote" "-profile" "C:\\Users\\fasul\\AppData\\Local\\Temp\\rust_mozprofile0Gtf5x"
*** You are running in headless mode.
1620249957089	Marionette	INFO	Marionette enabled
console.warn: SearchSettings: "get: No settings file exists, new profile?" (new Error("", "(unknown module)"))
1620249958223	Marionette	INFO	Listening on port 53565
1620249958263	Marionette	WARN	TLS certificate errors will be ignored for this session
JavaScript error: , line 0: TypeError: NetworkError when attempting to fetch resource.
JavaScript error: , line 0: TypeError: NetworkError when attempting to fetch resource.
JavaScript error: , line 0: TypeError: NetworkError when attempting to fetch resource.
JavaScript error: , line 0: TypeError: NetworkError when attempting to fetch resource.
JavaScript error: , line 0: TypeError: NetworkError when attempting to fetch resource.
JavaScript error: , line 0: TypeError: NetworkError when attempting to fetch resource.
JavaScript error: , line 0: TypeError: NetworkError when attempting to fetch resource.
JavaScript error: , line 0: TypeError: NetworkError when attempting to fetch resource.
1620250046399	geckodriver	INFO	Listening on 127.0.0.1:53647
1620250049437	mozrunner::runner	INFO	Running command: "C:\\Program Files\\Mozilla Firefox\\firefox.exe" "--marionette" "--headless" "-foreground" "-no-remote" "-profile" "C:\\Users\\fasul\\AppData\\Local\\Temp\\rust_mozprofileq1BShq"
*** You are running in headless mode.
1620250049817	Marionette	INFO	Marionette enabled
console.warn: SearchSettings: "get: No settings file exists, new profile?" (new Error("", "(unknown module)"))
1620250051164	Marionette	INFO	Listening on port 53655
1620250051489	Marionette	WARN	TLS certificate errors will be ignored for this session
JavaScript error: , line 0: TypeError: NetworkError when attempting to fetch resource.
JavaScript error: , line 0: TypeError: NetworkError when attempting to fetch resource.
JavaScript error: , line 0: TypeError: NetworkError when attempting to fetch resource.
JavaScript error: , line 0: TypeError: NetworkError when attempting to fetch resource.
JavaScript error: , line 0: TypeError: NetworkError when attempting to fetch resource.
JavaScript error: , line 0: TypeError: NetworkError when attempting to fetch resource.
1620250252070	geckodriver	INFO	Listening on 127.0.0.1:53757
1620250255112	mozrunner::runner	INFO	Running command: "C:\\Program Files\\Mozilla Firefox\\firefox.exe" "--marionette" "-foreground" "-no-remote" "-profile" "C:\\Users\\fasul\\AppData\\Local\\Temp\\rust_mozprofileyzxu23"
1620250255530	Marionette	INFO	Marionette enabled
console.warn: SearchSettings: "get: No settings file exists, new profile?" (new Error("", "(unknown module)"))
1620250258366	Marionette	INFO	Listening on port 53767
1620250258792	Marionette	WARN	TLS certificate errors will be ignored for this session
JavaScript error: , line 0: TypeError: NetworkError when attempting to fetch resource.
1620250274991	Marionette	INFO	Stopped listening on port 53767

###!!! [Child][RunMessage] Error: Channel closing: too late to send/recv, messages will be lost

1620250292390	geckodriver	INFO	Listening on 127.0.0.1:53851
1620250295473	mozrunner::runner	INFO	Running command: "C:\\Program Files\\Mozilla Firefox\\firefox.exe" "--marionette" "-foreground" "-no-remote" "-profile" "C:\\Users\\fasul\\AppData\\Local\\Temp\\rust_mozprofile6T5Erl"
1620250295826	Marionette	INFO	Marionette enabled
console.warn: SearchSettings: "get: No settings file exists, new profile?" (new Error("", "(unknown module)"))
1620250298422	Marionette	INFO	Listening on port 53859
1620250298644	Marionette	WARN	TLS certificate errors will be ignored for this session
JavaScript error: , line 0: TypeError: NetworkError when attempting to fetch resource.
JavaScript error: , line 0: TypeError: NetworkError when attempting to fetch resource.
1620250356029	geckodriver	INFO	Listening on 127.0.0.1:53939
1620250359099	mozrunner::runner	INFO	Running command: "C:\\Program Files\\Mozilla Firefox\\firefox.exe" "--marionette" "-foreground" "-no-remote" "-profile" "C:\\Users\\fasul\\AppData\\Local\\Temp\\rust_mozprofileADpUZu"
1620250359452	Marionette	INFO	Marionette enabled
console.warn: SearchSettings: "get: No settings file exists, new profile?" (new Error("", "(unknown module)"))
1620250362003	Marionette	INFO	Listening on port 53947
1620250362296	Marionette	WARN	TLS certificate errors will be ignored for this session
JavaScript error: , line 0: TypeError: NetworkError when attempting to fetch resource.
console.error: "Error while calling actor 'pagestyle's method 'getLayout'" "node is null"
console.error: (new TypeError("node is null", "resource://devtools/server/actors/page-style.js", 1002))
console.error: (new Error("Protocol error (TypeError): node is null from: server0.conn0.child4/pagestyle25 (resource://devtools/server/actors/page-style.js:1002:5)", "resource://devtools/shared/protocol/Front.js", 358))
console.error: "Error writing request: getGrids"
JavaScript error: , line 0: TypeError: NetworkError when attempting to fetch resource.
console.error: "Error sending event: display-change"
console.error: ({})
[Exception... "Component returned failure code: 0x80070057 (NS_ERROR_ILLEGAL_VALUE) [nsIEventListenerService.getListenerInfoFor]"  nsresult: "0x80070057 (NS_ERROR_ILLEGAL_VALUE)"  location: "JS frame :: resource://devtools/server/actors/inspector/event-collector.js :: getDOMListeners :: line 266"  data: no]: getDOMListeners@resource://devtools/server/actors/inspector/event-collector.js:266:22
getListeners@resource://devtools/server/actors/inspector/event-collector.js:334:28
hasListeners@resource://devtools/server/actors/inspector/event-collector.js:227:17
hasEventListeners@resource://devtools/server/actors/inspector/event-collector.js:802:21
get _hasEventListeners@resource://devtools/server/actors/inspector/node.js:383:33
form@resource://devtools/server/actors/inspector/node.js:207:7
write@resource://devtools/shared/protocol/types.js:358:32
types.addArrayType/write/<@resource://devtools/shared/protocol/types.js:215:33
write@resource://devtools/shared/protocol/types.js:215:16
write@resource://devtools/shared/protocol/Request.js:109:22
write@resource://devtools/shared/protocol/Request.js:39:26
_sendEvent@resource://devtools/shared/protocol/Actor.js:66:24
initialize/<@resource://devtools/shared/protocol/Actor.js:46:16
_emit@resource://devtools/shared/event-emitter.js:226:34
emit@resource://devtools/shared/event-emitter.js:172:18
emit@resource://devtools/shared/event-emitter.js:324:18
_onReflows@resource://devtools/server/actors/inspector/walker.js:596:12
_emit@resource://devtools/shared/event-emitter.js:226:34
emit@resource://devtools/shared/event-emitter.js:172:18
emit@resource://devtools/shared/event-emitter.js:324:18
_startEventLoop@resource://devtools/server/actors/reflow.js:314:12
notify@resource://gre/modules/Timer.jsm:62:17

1620250434716	geckodriver	INFO	Listening on 127.0.0.1:54034
1620250437778	mozrunner::runner	INFO	Running command: "C:\\Program Files\\Mozilla Firefox\\firefox.exe" "--marionette" "-foreground" "-no-remote" "-profile" "C:\\Users\\fasul\\AppData\\Local\\Temp\\rust_mozprofileEISvHI"
1620250438169	Marionette	INFO	Marionette enabled
console.warn: SearchSettings: "get: No settings file exists, new profile?" (new Error("", "(unknown module)"))
1620250440810	Marionette	INFO	Listening on port 54043
1620250440958	Marionette	WARN	TLS certificate errors will be ignored for this session
JavaScript error: , line 0: TypeError: NetworkError when attempting to fetch resource.
1620250650215	Marionette	INFO	Stopped listening on port 54043

###!!! [Child][RunMessage] Error: Channel closing: too late to send/recv, messages will be lost

1620250663227	geckodriver	INFO	Listening on 127.0.0.1:54134
1620250666267	mozrunner::runner	INFO	Running command: "C:\\Program Files\\Mozilla Firefox\\firefox.exe" "--marionette" "-foreground" "-no-remote" "-profile" "C:\\Users\\fasul\\AppData\\Local\\Temp\\rust_mozprofileqchnO4"
1620250666625	Marionette	INFO	Marionette enabled
console.warn: SearchSettings: "get: No settings file exists, new profile?" (new Error("", "(unknown module)"))
1620250668989	Marionette	INFO	Listening on port 54142
1620250669439	Marionette	WARN	TLS certificate errors will be ignored for this session
1620250700127	Marionette	INFO	Stopped listening on port 54142

###!!! [Child][RunMessage] Error: Channel closing: too late to send/recv, messages will be lost

1620250748996	geckodriver	INFO	Listening on 127.0.0.1:54222
1620250752027	mozrunner::runner	INFO	Running command: "C:\\Program Files\\Mozilla Firefox\\firefox.exe" "--marionette" "-foreground" "-no-remote" "-profile" "C:\\Users\\fasul\\AppData\\Local\\Temp\\rust_mozprofile9CcDEk"
1620250752419	Marionette	INFO	Marionette enabled
console.warn: SearchSettings: "get: No settings file exists, new profile?" (new Error("", "(unknown module)"))
1620250755074	Marionette	INFO	Listening on port 54231
1620250755213	Marionette	WARN	TLS certificate errors will be ignored for this session
1620250767637	Marionette	INFO	Stopped listening on port 54231

###!!! [Child][RunMessage] Error: Channel closing: too late to send/recv, messages will be lost

1620250845135	geckodriver	INFO	Listening on 127.0.0.1:54313
1620250848189	mozrunner::runner	INFO	Running command: "C:\\Program Files\\Mozilla Firefox\\firefox.exe" "--marionette" "-foreground" "-no-remote" "-profile" "C:\\Users\\fasul\\AppData\\Local\\Temp\\rust_mozprofilefdXSl9"
1620250848548	Marionette	INFO	Marionette enabled
console.warn: SearchSettings: "get: No settings file exists, new profile?" (new Error("", "(unknown module)"))
1620250850865	Marionette	INFO	Listening on port 54321
1620250851370	Marionette	WARN	TLS certificate errors will be ignored for this session
1620250875509	Marionette	INFO	Stopped listening on port 54321

###!!! [Child][RunMessage] Error: Channel closing: too late to send/recv, messages will be lost

1620250913923	geckodriver	INFO	Listening on 127.0.0.1:54403
1620250916955	mozrunner::runner	INFO	Running command: "C:\\Program Files\\Mozilla Firefox\\firefox.exe" "--marionette" "--headless" "-foreground" "-no-remote" "-profile" "C:\\Users\\fasul\\AppData\\Local\\Temp\\rust_mozprofilekNqE9n"
*** You are running in headless mode.
1620250917301	Marionette	INFO	Marionette enabled
console.warn: SearchSettings: "get: No settings file exists, new profile?" (new Error("", "(unknown module)"))
1620250918648	Marionette	INFO	Listening on port 54411
1620250919001	Marionette	WARN	TLS certificate errors will be ignored for this session
1620251548700	geckodriver	INFO	Listening on 127.0.0.1:54595
1620251551738	mozrunner::runner	INFO	Running command: "C:\\Program Files\\Mozilla Firefox\\firefox.exe" "--marionette" "--headless" "-foreground" "-no-remote" "-profile" "C:\\Users\\fasul\\AppData\\Local\\Temp\\rust_mozprofileA2ilo5"
*** You are running in headless mode.
1620251552115	Marionette	INFO	Marionette enabled
console.warn: SearchSettings: "get: No settings file exists, new profile?" (new Error("", "(unknown module)"))
1620251553298	Marionette	INFO	Listening on port 54603
1620251553783	Marionette	WARN	TLS certificate errors will be ignored for this session
1620283040937	geckodriver	INFO	Listening on 127.0.0.1:50293
1620283043990	mozrunner::runner	INFO	Running command: "C:\\Program Files\\Mozilla Firefox\\firefox.exe" "--marionette" "--headless" "-foreground" "-no-remote" "-profile" "C:\\Users\\fasul\\AppData\\Local\\Temp\\rust_mozprofileY8ab3m"
*** You are running in headless mode.
1620283044902	Marionette	INFO	Marionette enabled
console.warn: SearchSettings: "get: No settings file exists, new profile?" (new Error("", "(unknown module)"))
1620283047613	Marionette	INFO	Listening on port 50301
1620283047724	Marionette	WARN	TLS certificate errors will be ignored for this session
1620283197665	geckodriver	INFO	Listening on 127.0.0.1:50477
1620283200746	mozrunner::runner	INFO	Running command: "C:\\Program Files\\Mozilla Firefox\\firefox.exe" "--marionette" "--headless" "-foreground" "-no-remote" "-profile" "C:\\Users\\fasul\\AppData\\Local\\Temp\\rust_mozprofileCNOhfs"
*** You are running in headless mode.
1620283201645	Marionette	INFO	Marionette enabled
console.warn: SearchSettings: "get: No settings file exists, new profile?" (new Error("", "(unknown module)"))
1620283204563	Marionette	INFO	Listening on port 50485
1620283204970	Marionette	WARN	TLS certificate errors will be ignored for this session

###!!! [Parent][RunMessage] Error: Channel closing: too late to send/recv, messages will be lost

1620285783219	geckodriver	INFO	Listening on 127.0.0.1:50888
1620285786268	mozrunner::runner	INFO	Running command: "C:\\Program Files\\Mozilla Firefox\\firefox.exe" "--marionette" "--headless" "-foreground" "-no-remote" "-profile" "C:\\Users\\fasul\\AppData\\Local\\Temp\\rust_mozprofile33alwD"
*** You are running in headless mode.
1620285786615	Marionette	INFO	Marionette enabled
console.warn: SearchSettings: "get: No settings file exists, new profile?" (new Error("", "(unknown module)"))
1620285787766	Marionette	INFO	Listening on port 50896
1620285787818	Marionette	WARN	TLS certificate errors will be ignored for this session

###!!! [Parent][RunMessage] Error: Channel closing: too late to send/recv, messages will be lost


###!!! [Parent][RunMessage] Error: Channel closing: too late to send/recv, messages will be lost

" "-no-remote" "-profile" "C:\\Users\\fasul\\AppData\\Local\\Temp\\rust_mozprofileUBBMsY"
*** You are running in headless mode.
1620285833663	Marionette	INFO	Marionette enabled
console.warn: SearchSettings: "get: No settings file exists, new profile?" (new Error("", "(unknown module)"))
1620285834793	Marionette	INFO	Listening on port 50980
1620285834884	Marionette	WARN	TLS certificate errors will be ignored for this session
1620285860272	geckodriver	INFO	Listening on 127.0.0.1:51059
1620285863326	mozrunner::runner	INFO	Running command: "C:\\Program Files\\Mozilla Firefox\\firefox.exe" "--marionette" "--headless" "-foreground" "-no-remote" "-profile" "C:\\Users\\fasul\\AppData\\Local\\Temp\\rust_mozprofileB2jLRE"
*** You are running in headless mode.
1620285863688	Marionette	INFO	Marionette enabled
console.warn: SearchSettings: "get: No settings file exists, new profile?" (new Error("", "(unknown module)"))
1620285864816	Marionette	INFO	Listening on port 51067
1620285864868	Marionette	WARN	TLS certificate errors will be ignored for this session
1620286354132	geckodriver	INFO	Listening on 127.0.0.1:51203
1620286357175	mozrunner::runner	INFO	Running command: "C:\\Program Files\\Mozilla Firefox\\firefox.exe" "--marionette" "--headless" "-foreground" "-no-remote" "-profile" "C:\\Users\\fasul\\AppData\\Local\\Temp\\rust_mozprofile1C5MFc"
*** You are running in headless mode.
1620286357560	Marionette	INFO	Marionette enabled
console.warn: SearchSettings: "get: No settings file exists, new profile?" (new Error("", "(unknown module)"))
1620286359064	Marionette	INFO	Listening on port 51211
1620286359225	Marionette	WARN	TLS certificate errors will be ignored for this session
1620286388531	geckodriver	INFO	Listening on 127.0.0.1:51286
1620286391588	mozrunner::runner	INFO	Running command: "C:\\Program Files\\Mozilla Firefox\\firefox.exe" "--marionette" "--headless" "-foreground" "-no-remote" "-profile" "C:\\Users\\fasul\\AppData\\Local\\Temp\\rust_mozprofileuovtdy"
*** You are running in headless mode.
1620286391949	Marionette	INFO	Marionette enabled
console.warn: SearchSettings: "get: No settings file exists, new profile?" (new Error("", "(unknown module)"))
1620286393098	Marionette	INFO	Listening on port 51295
1620286393128	Marionette	WARN	TLS certificate errors will be ignored for this session

###!!! [Parent][RunMessage] Error: Channel closing: too late to send/recv, messages will be lost


###!!! [Parent][RunMessage] Error: Channel closing: too late to send/recv, messages will be lost


###!!! [Parent][RunMessage] Error: Channel closing: too late to send/recv, messages will be lost


###!!! [Parent][RunMessage] Error: Channel closing: too late to send/recv, messages will be lost


###!!! [Parent][RunMessage] Error: Channel closing: too late to send/recv, messages will be lost

arionette	INFO	Listening on port 51377
1620286426751	Marionette	WARN	TLS certificate errors will be ignored for this session

###!!! [Parent][RunMessage] Error: Channel closing: too late to send/recv, messages will be lost


###!!! [Parent][RunMessage] Error: Channel closing: too late to send/recv, messages will be lost

" "-no-remote" "-profile" "C:\\Users\\fasul\\AppData\\Local\\Temp\\rust_mozprofileKkI3zA"
*** You are running in headless mode.
1620286457390	Marionette	INFO	Marionette enabled
console.warn: SearchSettings: "get: No settings file exists, new profile?" (new Error("", "(unknown module)"))
1620286458709	Marionette	INFO	Listening on port 51480
1620286459082	Marionette	WARN	TLS certificate errors will be ignored for this session
1620286485473	geckodriver	INFO	Listening on 127.0.0.1:51558
1620286488504	mozrunner::runner	INFO	Running command: "C:\\Program Files\\Mozilla Firefox\\firefox.exe" "--marionette" "--headless" "-foreground" "-no-remote" "-profile" "C:\\Users\\fasul\\AppData\\Local\\Temp\\rust_mozprofileR8S3El"
*** You are running in headless mode.
1620286488862	Marionette	INFO	Marionette enabled
console.warn: SearchSettings: "get: No settings file exists, new profile?" (new Error("", "(unknown module)"))
1620286490081	Marionette	INFO	Listening on port 51568
1620286490546	Marionette	WARN	TLS certificate errors will be ignored for this session

###!!! [Parent][RunMessage] Error: Channel closing: too late to send/recv, messages will be lost

1620287188759	geckodriver	INFO	Listening on 127.0.0.1:51718
1620287191805	mozrunner::runner	INFO	Running command: "C:\\Program Files\\Mozilla Firefox\\firefox.exe" "--marionette" "--headless" "-foreground" "-no-remote" "-profile" "C:\\Users\\fasul\\AppData\\Local\\Temp\\rust_mozprofilewaEE1P"
*** You are running in headless mode.
1620287192159	Marionette	INFO	Marionette enabled
console.warn: SearchSettings: "get: No settings file exists, new profile?" (new Error("", "(unknown module)"))
1620287193546	Marionette	INFO	Listening on port 51726
1620287193886	Marionette	WARN	TLS certificate errors will be ignored for this session
1620287257191	geckodriver	INFO	Listening on 127.0.0.1:51806
1620287260227	mozrunner::runner	INFO	Running command: "C:\\Program Files\\Mozilla Firefox\\firefox.exe" "--marionette" "--headless" "-foreground" "-no-remote" "-profile" "C:\\Users\\fasul\\AppData\\Local\\Temp\\rust_mozprofileh82xcX"
*** You are running in headless mode.
1620287260645	Marionette	INFO	Marionette enabled
console.warn: SearchSettings: "get: No settings file exists, new profile?" (new Error("", "(unknown module)"))
1620287262113	Marionette	INFO	Listening on port 51814
1620287262285	Marionette	WARN	TLS certificate errors will be ignored for this session
1620287676004	geckodriver	INFO	Listening on 127.0.0.1:52245
1620287679051	mozrunner::runner	INFO	Running command: "C:\\Program Files\\Mozilla Firefox\\firefox.exe" "--marionette" "--headless" "-foreground" "-no-remote" "-profile" "C:\\Users\\fasul\\AppData\\Local\\Temp\\rust_mozprofileG9VK7V"
*** You are running in headless mode.
1620287679414	Marionette	INFO	Marionette enabled
console.warn: SearchSettings: "get: No settings file exists, new profile?" (new Error("", "(unknown module)"))
1620287680676	Marionette	INFO	Listening on port 52253
1620287681103	Marionette	WARN	TLS certificate errors will be ignored for this session
1620287700127	geckodriver	INFO	Listening on 127.0.0.1:52296
1620287703208	mozrunner::runner	INFO	Running command: "C:\\Program Files\\Mozilla Firefox\\firefox.exe" "--marionette" "--headless" "-foreground" "-no-remote" "-profile" "C:\\Users\\fasul\\AppData\\Local\\Temp\\rust_mozprofiletnFvfl"
*** You are running in headless mode.
1620287703574	Marionette	INFO	Marionette enabled
console.warn: SearchSettings: "get: No settings file exists, new profile?" (new Error("", "(unknown module)"))
1620287704790	Marionette	INFO	Listening on port 52304
1620287705265	Marionette	WARN	TLS certificate errors will be ignored for this session
1620287727995	geckodriver	INFO	Listening on 127.0.0.1:52348
1620287731044	mozrunner::runner	INFO	Running command: "C:\\Program Files\\Mozilla Firefox\\firefox.exe" "--marionette" "--headless" "-foreground" "-no-remote" "-profile" "C:\\Users\\fasul\\AppData\\Local\\Temp\\rust_mozprofileEJR8XG"
*** You are running in headless mode.
1620287731403	Marionette	INFO	Marionette enabled
console.warn: SearchSettings: "get: No settings file exists, new profile?" (new Error("", "(unknown module)"))
1620287732585	Marionette	INFO	Listening on port 52356
1620287733095	Marionette	WARN	TLS certificate errors will be ignored for this session
1620288280389	geckodriver	INFO	Listening on 127.0.0.1:52556
1620288283436	mozrunner::runner	INFO	Running command: "C:\\Program Files\\Mozilla Firefox\\firefox.exe" "--marionette" "--headless" "-foreground" "-no-remote" "-profile" "C:\\Users\\fasul\\AppData\\Local\\Temp\\rust_mozprofileHLGeL0"
*** You are running in headless mode.
1620288283786	Marionette	INFO	Marionette enabled
console.warn: SearchSettings: "get: No settings file exists, new profile?" (new Error("", "(unknown module)"))
1620288285013	Marionette	INFO	Listening on port 52564
1620288285489	Marionette	WARN	TLS certificate errors will be ignored for this session
1620288370835	geckodriver	INFO	Listening on 127.0.0.1:52641
1620288373918	mozrunner::runner	INFO	Running command: "C:\\Program Files\\Mozilla Firefox\\firefox.exe" "--marionette" "--headless" "-foreground" "-no-remote" "-profile" "C:\\Users\\fasul\\AppData\\Local\\Temp\\rust_mozprofileCIANev"
*** You are running in headless mode.
1620288374272	Marionette	INFO	Marionette enabled
console.warn: SearchSettings: "get: No settings file exists, new profile?" (new Error("", "(unknown module)"))
1620288375527	Marionette	INFO	Listening on port 52649
1620288375985	Marionette	WARN	TLS certificate errors will be ignored for this session
